Arguments: 
  /usr/bin/node /home/liceth/.yarn/bin/yarn.js serve

PATH: 
  /home/liceth/.yarn/bin:/home/liceth/.config/yarn/global/node_modules/.bin:/home/liceth/bin:/home/liceth/anaconda3/bin:/home/liceth/anaconda3/condabin:/home/liceth/bin:/usr/local/sbin:/usr/local/bin:/usr/sbin:/usr/bin:/sbin:/bin:/usr/games:/usr/local/games:/snap/bin:/home/liceth/.config/composer/vendor/bin:/home/liceth/.config/composer/vendor/bin/

Yarn version: 
  1.22.5

Node version: 
  10.19.0

Platform: 
  linux x64

Trace: 
  SyntaxError: /home/liceth/Documentos/proyectos/Vue/VueIn/Hola mundo/package.json: Unexpected token { in JSON at position 52
      at JSON.parse (<anonymous>)
      at /home/liceth/.yarn/lib/cli.js:1625:59
      at Generator.next (<anonymous>)
      at step (/home/liceth/.yarn/lib/cli.js:310:30)
      at /home/liceth/.yarn/lib/cli.js:321:13

npm manifest: 
  {
    "dependencies": {
      "moment": "^2.29.1"
    }
  }
  {
    "scripts": {
      "serve": "vue-cli-service serve",
      "build": "vue-cli-service build"
    }
  }

yarn manifest: 
  No manifest

Lockfile: 
  # THIS IS AN AUTOGENERATED FILE. DO NOT EDIT THIS FILE DIRECTLY.
  # yarn lockfile v1
  
  
  moment@^2.29.1:
    version "2.29.1"
    resolved "https://registry.yarnpkg.com/moment/-/moment-2.29.1.tgz#b2be769fa31940be9eeea6469c075e35006fa3d3"
    integrity sha512-kHmoybcPV8Sqy59DwNDY3Jefr64lK/by/da0ViFcuA4DH0vQg5Q6Ze5VimxkfQNSC+Mls/Kx53s7TjP1RhFEDQ==
